<?xml version="1.0" encoding="UTF-8"?>
<!-- Generated by org.testng.reporters.JUnitReportReporter -->
<testsuite hostname="Galinas-Air" name="com.sqa.gy.GeeboTestwSauceLabs" tests="8" failures="0" timestamp="18 Feb 2017 21:11:46 GMT" time="114.016" errors="0">
  <testcase name="testGeebo" time="24.834" classname="com.sqa.gy.GeeboTestwSauceLabs"/>
  <testcase name="testGeebo" time="11.430" classname="com.sqa.gy.GeeboTestwSauceLabs"/>
  <testcase name="testGeebo" time="14.765" classname="com.sqa.gy.GeeboTestwSauceLabs"/>
  <testcase name="testGeebo" time="11.253" classname="com.sqa.gy.GeeboTestwSauceLabs"/>
  <testcase name="testGeebo" time="11.757" classname="com.sqa.gy.GeeboTestwSauceLabs"/>
  <testcase name="testGeebo" time="10.448" classname="com.sqa.gy.GeeboTestwSauceLabs"/>
  <testcase name="testGeebo" time="7.221" classname="com.sqa.gy.GeeboTestwSauceLabs"/>
  <testcase name="testGeebo" time="22.308" classname="com.sqa.gy.GeeboTestwSauceLabs"/>
</testsuite> <!-- com.sqa.gy.GeeboTestwSauceLabs -->
