<?xml version="1.0" encoding="UTF-8"?>
<!-- Generated by org.testng.reporters.JUnitReportReporter -->
<testsuite hostname="Galinas-Air" name="com.sqa.gy.SauceLabsTest" tests="2" failures="0" timestamp="17 Feb 2017 04:23:40 GMT" time="48.502" errors="0">
  <testcase name="testGeebo" time="22.339" classname="com.sqa.gy.SauceLabsTest"/>
  <testcase name="testGeebo" time="26.163" classname="com.sqa.gy.SauceLabsTest"/>
</testsuite> <!-- com.sqa.gy.SauceLabsTest -->
